57971 execve("/usr/bin/dash", ["dash"], 0x7fff1244a7b8 /* 53 vars */) = 0
57971 ioctl(0, TCGETS, {c_iflag=BRKINT|ICRNL|IXON|IXANY|IMAXBEL|IUTF8, c_oflag=NL0|CR0|TAB0|BS0|VT0|FF0|OPOST|ONLCR, c_cflag=B38400|CS8|CREAD|HUPCL, c_lflag=ISIG|ICANON|ECHO|ECHOE|ECHOK|IEXTEN|ECHOCTL|ECHOKE, ...}) = 0
57971 ioctl(1, TCGETS, {c_iflag=BRKINT|ICRNL|IXON|IXANY|IMAXBEL|IUTF8, c_oflag=NL0|CR0|TAB0|BS0|VT0|FF0|OPOST|ONLCR, c_cflag=B38400|CS8|CREAD|HUPCL, c_lflag=ISIG|ICANON|ECHO|ECHOE|ECHOK|IEXTEN|ECHOCTL|ECHOKE, ...}) = 0
57971 ioctl(10, TIOCGPGRP, [57968])     = 0
57971 setpgid(0, 57971)                 = 0
57971 ioctl(10, TIOCSPGRP, [57971])     = 0
57971 setpgid(58006, 58006)             = 0
58006 setpgid(0, 58006)                 = 0
58006 ioctl(10, TIOCSPGRP, [58006])     = 0
57971 setpgid(58007, 58006)             = 0
58007 setpgid(0, 58006)                 = 0
58007 ioctl(10, TIOCSPGRP, [58006])     = 0
57971 setpgid(58008, 58006)             = 0
58008 setpgid(0, 58006 <unfinished ...>
58006 execve("/usr/bin/ps", ["ps", "-ef"], 0x5775b430ee00 /* 53 vars */ <unfinished ...>
58008 <... setpgid resumed>)            = 0
58008 ioctl(10, TIOCSPGRP, [58006])     = 0
58006 <... execve resumed>)             = 0
58007 execve("/usr/bin/grep", ["grep", "sh"], 0x5775b430f1a8 /* 53 vars */ <unfinished ...>
58008 execve("/usr/bin/wc", ["wc", "-l"], 0x5775b430f1f8 /* 53 vars */ <unfinished ...>
58007 <... execve resumed>)             = 0
58008 <... execve resumed>)             = 0
58006 ioctl(1, TIOCGWINSZ, 0x7ffc4c1e8260) = -1 ENOTTY (Inappropriate ioctl for device)
58006 ioctl(2, TIOCGWINSZ, {ws_row=13, ws_col=153, ws_xpixel=0, ws_ypixel=0}) = 0
58006 ioctl(1, TCGETS, 0x7ffc4c1e81b0)  = -1 ENOTTY (Inappropriate ioctl for device)
58007 +++ exited with 0 +++
58006 +++ exited with 0 +++
57971 --- SIGCHLD {si_signo=SIGCHLD, si_code=CLD_EXITED, si_pid=58007, si_uid=1000, si_status=0, si_utime=0, si_stime=0} ---
58008 +++ exited with 0 +++
57971 --- SIGCHLD {si_signo=SIGCHLD, si_code=CLD_EXITED, si_pid=58008, si_uid=1000, si_status=0, si_utime=0, si_stime=0} ---
57971 ioctl(10, TIOCSPGRP, [57971])     = 0
57971 ioctl(10, TIOCSPGRP, [57968])     = 0
57971 setpgid(0, 57968)                 = 0
57971 +++ exited with 0 +++
